[GIN] 2025/08/04 - 17:33:17 | 200 |    8.717042ms |             ::1 | GET      "/v1/stats"
[GIN] 2025/08/04 - 17:33:17 | 200 |    8.760167ms |             ::1 | GET      "/v1/stats"
[GIN] 2025/08/04 - 17:34:04 | 200 |    2.946375ms |             ::1 | GET      "/v1/stats"
[GIN] 2025/08/04 - 17:34:04 | 200 |    2.984542ms |             ::1 | GET      "/v1/stats"
"default_burst":50,"log_level":"info","log_output":"file"}
{"level":"INFO","timestamp":"2025-08-04T17:33:08.546+0800","caller":"logger/logger.go:89","msg":"Initializing Redis connection"}
{"level":"INFO","timestamp":"2025-08-04T17:33:08.546+0800","caller":"logger/logger.go:89","msg":"Initializing Redis connection","addr":"localhost:6379","db":0,"pool_size":10}
{"level":"INFO","timestamp":"2025-08-04T17:33:08.552+0800","caller":"logger/logger.go:89","msg":"Redis connection established successfully"}
{"level":"INFO","timestamp":"2025-08-04T17:33:08.552+0800","caller":"logger/logger.go:89","msg":"Setting up routes"}
{"level":"INFO","timestamp":"2025-08-04T17:33:08.552+0800","caller":"logger/logger.go:89","msg":"Routes setup completed"}
{"level":"INFO","timestamp":"2025-08-04T17:33:08.552+0800","caller":"logger/logger.go:89","msg":"Server starting","port":":8080"}
{"level":"INFO","timestamp":"2025-08-04T17:33:17.224+0800","caller":"logger/logger.go:89","msg":"Getting stats request","client_ip":"::1","user_agent":"Mozilla/5.0 (Macintosh; Intel Mac OS X 10_15_7) AppleWebKit/537.36 (KHTML, like Gecko) Chrome/138.0.0.0 Safari/537.36"}
{"level":"INFO","timestamp":"2025-08-04T17:33:17.226+0800","caller":"logger/logger.go:89","msg":"Found rate limit rules","count":2}
{"level":"INFO","timestamp":"2025-08-04T17:33:17.232+0800","caller":"logger/logger.go:89","msg":"Stats retrieved successfully","rules_count":2,"stats_count":2,"duration":0.008484208}
{"level":"INFO","timestamp":"2025-08-04T17:34:04.940+0800","caller":"logger/logger.go:89","msg":"Getting stats request","client_ip":"::1","user_agent":"Mozilla/5.0 (Macintosh; Intel Mac OS X 10_15_7) AppleWebKit/537.36 (KHTML, like Gecko) Chrome/138.0.0.0 Safari/537.36"}
{"level":"INFO","timestamp":"2025-08-04T17:34:04.942+0800","caller":"logger/logger.go:89","msg":"Found rate limit rules","count":1}
{"level":"INFO","timestamp":"2025-08-04T17:34:04.943+0800","caller":"logger/logger.go:89","msg":"Stats retrieved successfully","rules_count":1,"stats_count":1,"duration":0.002769166}
{"level":"INFO","timestamp":"2025-08-04T17:34:11.920+0800","caller":"logger/logger.go:89","msg":"Shutting down server..."}
{"level":"INFO","timestamp":"2025-08-04T17:34:11.921+0800","caller":"logger/logger.go:89","msg":"Closing Redis connection"}
{"level":"INFO","timestamp":"2025-08-04T17:34:11.921+0800","caller":"logger/logger.go:89","msg":"Closing Redis connection"}
